<?xml version="1.0" encoding="UTF-8"?>
<testng-results ignored="0" total="1" passed="1" failed="0" skipped="0">
  <reporter-output>
  </reporter-output>
  <suite started-at="2023-06-02T14:29:59 IST" name="Default suite" finished-at="2023-06-02T14:30:52 IST" duration-ms="52483">
    <groups>
    </groups>
    <test started-at="2023-06-02T14:29:59 IST" name="Default test" finished-at="2023-06-02T14:30:52 IST" duration-ms="52483">
      <class name="testng_Basics.TC2_loginTestCase">
        <test-method signature="login(java.lang.String,java.lang.String)[pri:0, instance:testng_Basics.TC2_loginTestCase@13fd2ccd]" started-at="2023-06-02T14:30:00 IST" name="login" data-provider="TestData" finished-at="2023-06-02T14:30:52 IST" duration-ms="51355" status="PASS">
          <params>
            <param index="0">
              <value>
                <![CDATA[anjisabharish0000@gmail.com]]>
              </value>
            </param>
            <param index="1">
              <value>
                <![CDATA[Anji123!]]>
              </value>
            </param>
          </params>
          <reporter-output>
          </reporter-output>
        </test-method> <!-- login -->
      </class> <!-- testng_Basics.TC2_loginTestCase -->
    </test> <!-- Default test -->
  </suite> <!-- Default suite -->
</testng-results>
